<?xml version="1.0" encoding="UTF-8"?>
<testsuite name="Choucair Job Area" tests="5" skipped="0" failures="0" errors="0" timestamp="2021-07-12T09:01:02" hostname="LAPTOP-98M5F7CQ" time="111.558">
  <properties/>
  <testcase name="Register in the magneto job area, Checks the behavior of the system when entering numeric characters in the &quot;Name&quot; field." classname="Choucair Job Area" time="33.025"/>
  <testcase name="Register in the magneto job area, Check the behavior of the system when an invalid email is entered in the &quot;Email&quot; field." classname="Choucair Job Area" time="25.52"/>
  <testcase name="Register in the magneto job area, Check the behavior of the system when entering a number with alphabetic characters in the &quot;Cellular&quot; field Check the behavior of the system" classname="Choucair Job Area" time="17.426"/>
  <testcase name="Register in the magneto job area, Check the behavior of the system when the option &quot;I accept the treatment, use and storage of my personal data&quot; is checked, and the &quot;Name&quot; field is empty" classname="Choucair Job Area" time="19.084"/>
  <testcase name="Register in the magneto job area, Check the behavior of the system when all the fields of the form are empty" classname="Choucair Job Area" time="16.416"/>
  <system-out><![CDATA[]]></system-out>
  <system-err><![CDATA[[Test worker] WARN net.thucydides.core.steps.BaseStepListener - stepStarted: net.thucydides.core.steps.ExecutedStepDescription@4d3f886e
[Test worker] WARN net.thucydides.core.steps.BaseStepListener - stepStarted: net.thucydides.core.steps.ExecutedStepDescription@1c2cf242
[Test worker] WARN net.thucydides.core.steps.BaseStepListener - stepStarted: net.thucydides.core.steps.ExecutedStepDescription@3e5b80c6
jul 12, 2021 4:01:03 AM org.openqa.selenium.remote.DesiredCapabilities chrome
INFORMACIÓN: Using `new ChromeOptions()` is preferred to `DesiredCapabilities.chrome()`
[Test worker] INFO net.serenitybdd.core.webdriver.driverproviders.ProvideNewDriver - Instantiating driver
[Test worker] INFO net.serenitybdd.core.webdriver.driverproviders.ProvideNewDriver - Driver capabilities: Capabilities {acceptInsecureCerts: false, browserName: chrome, chrome.switches: --start-maximized, goog:chromeOptions: {args: [--start-maximized], extensions: []}, loggingPrefs: org.openqa.selenium.logging..., platform: ANY, version: }
Starting ChromeDriver 91.0.4472.19 (1bf021f248676a0b2ab3ee0561d83a59e424c23e-refs/branch-heads/4472@{#288}) on port 4207
Only local connections are allowed.
Please see https://chromedriver.chromium.org/security-considerations for suggestions on keeping ChromeDriver safe.
ChromeDriver was started successfully.
jul 12, 2021 4:01:08 AM org.openqa.selenium.remote.ProtocolHandshake createSession
INFORMACIÓN: Detected dialect: W3C
[Test worker] WARN net.thucydides.core.steps.BaseStepListener - stepFinished: current outcome:Register in the magneto job area, Checks the behavior of the system when entering numeric characters in the "Name" field.:Given than erika wants to verify the form of the work area in choucair
| strUser | strLastName | strEmail | strPhone |
| 2665515 | Caita | eicaita@misena.edu.co | 3175727990 | [Santiago open up [santiago opens the Choucair academy page]]
[Test worker] WARN net.thucydides.core.steps.BaseStepListener - stepFinished: current outcome:Register in the magneto job area, Checks the behavior of the system when entering numeric characters in the "Name" field.:Given than erika wants to verify the form of the work area in choucair
| strUser | strLastName | strEmail | strPhone |
| 2665515 | Caita | eicaita@misena.edu.co | 3175727990 | [Santiago open up [santiago opens the Choucair academy page]]
[Test worker] WARN net.thucydides.core.steps.BaseStepListener - stepStarted: net.thucydides.core.steps.ExecutedStepDescription@557b6f6f
[Test worker] WARN net.thucydides.core.steps.BaseStepListener - stepStarted: net.thucydides.core.steps.ExecutedStepDescription@11fa7958
[Test worker] WARN net.thucydides.core.steps.BaseStepListener - stepFinished: current outcome:Register in the magneto job area, Checks the behavior of the system when entering numeric characters in the "Name" field.:Given than erika wants to verify the form of the work area in choucair
| strUser | strLastName | strEmail | strPhone |
| 2665515 | Caita | eicaita@misena.edu.co | 3175727990 | [Santiago open up [santiago opens the Choucair academy page], Santiago register [santiago enters '2665515' into were do we write the first name]]
[Test worker] WARN net.thucydides.core.steps.BaseStepListener - stepStarted: net.thucydides.core.steps.ExecutedStepDescription@6287fe13
[Test worker] WARN net.thucydides.core.steps.BaseStepListener - stepFinished: current outcome:Register in the magneto job area, Checks the behavior of the system when entering numeric characters in the "Name" field.:Given than erika wants to verify the form of the work area in choucair
| strUser | strLastName | strEmail | strPhone |
| 2665515 | Caita | eicaita@misena.edu.co | 3175727990 | [Santiago open up [santiago opens the Choucair academy page], Santiago register [santiago enters '2665515' into were do we write the first name, santiago enters 'Caita' into were do we write the last name]]
[Test worker] WARN net.thucydides.core.steps.BaseStepListener - stepStarted: net.thucydides.core.steps.ExecutedStepDescription@6f8df465
[Test worker] WARN net.thucydides.core.steps.BaseStepListener - stepFinished: current outcome:Register in the magneto job area, Checks the behavior of the system when entering numeric characters in the "Name" field.:Given than erika wants to verify the form of the work area in choucair
| strUser | strLastName | strEmail | strPhone |
| 2665515 | Caita | eicaita@misena.edu.co | 3175727990 | [Santiago open up [santiago opens the Choucair academy page], Santiago register [santiago enters '2665515' into were do we write the first name, santiago enters 'Caita' into were do we write the last name, santiago enters 'eicaita@misena.edu.co' into were do we write the email]]
[Test worker] WARN net.thucydides.core.steps.BaseStepListener - stepStarted: net.thucydides.core.steps.ExecutedStepDescription@50aaa515
[Test worker] WARN net.thucydides.core.steps.BaseStepListener - stepFinished: current outcome:Register in the magneto job area, Checks the behavior of the system when entering numeric characters in the "Name" field.:Given than erika wants to verify the form of the work area in choucair
| strUser | strLastName | strEmail | strPhone |
| 2665515 | Caita | eicaita@misena.edu.co | 3175727990 | [Santiago open up [santiago opens the Choucair academy page], Santiago register [santiago enters '2665515' into were do we write the first name, santiago enters 'Caita' into were do we write the last name, santiago enters 'eicaita@misena.edu.co' into were do we write the email, santiago enters '3175727990' into were do we write the phone]]
[Test worker] WARN net.thucydides.core.steps.BaseStepListener - stepStarted: net.thucydides.core.steps.ExecutedStepDescription@2a6d019f
[Test worker] WARN net.thucydides.core.steps.BaseStepListener - stepFinished: current outcome:Register in the magneto job area, Checks the behavior of the system when entering numeric characters in the "Name" field.:Given than erika wants to verify the form of the work area in choucair
| strUser | strLastName | strEmail | strPhone |
| 2665515 | Caita | eicaita@misena.edu.co | 3175727990 | [Santiago open up [santiago opens the Choucair academy page], Santiago register [santiago enters '2665515' into were do we write the first name, santiago enters 'Caita' into were do we write the last name, santiago enters 'eicaita@misena.edu.co' into were do we write the email, santiago enters '3175727990' into were do we write the phone, santiago clicks on were do we write the phone]]
[Test worker] WARN net.thucydides.core.steps.BaseStepListener - stepStarted: net.thucydides.core.steps.ExecutedStepDescription@592d8117
[Test worker] WARN net.thucydides.core.steps.BaseStepListener - stepFinished: current outcome:Register in the magneto job area, Checks the behavior of the system when entering numeric characters in the "Name" field.:Given than erika wants to verify the form of the work area in choucair
| strUser | strLastName | strEmail | strPhone |
| 2665515 | Caita | eicaita@misena.edu.co | 3175727990 | [Santiago open up [santiago opens the Choucair academy page], Santiago register [santiago enters '2665515' into were do we write the first name, santiago enters 'Caita' into were do we write the last name, santiago enters 'eicaita@misena.edu.co' into were do we write the email, santiago enters '3175727990' into were do we write the phone, santiago clicks on were do we write the phone, santiago clicks on button to confirm login]]
[Test worker] WARN net.thucydides.core.steps.BaseStepListener - stepFinished: current outcome:Register in the magneto job area, Checks the behavior of the system when entering numeric characters in the "Name" field.:Given than erika wants to verify the form of the work area in choucair
| strUser | strLastName | strEmail | strPhone |
| 2665515 | Caita | eicaita@misena.edu.co | 3175727990 | [Santiago open up [santiago opens the Choucair academy page], Santiago register [santiago enters '2665515' into were do we write the first name, santiago enters 'Caita' into were do we write the last name, santiago enters 'eicaita@misena.edu.co' into were do we write the email, santiago enters '3175727990' into were do we write the phone, santiago clicks on were do we write the phone, santiago clicks on button to confirm login]]
[Test worker] WARN net.thucydides.core.steps.BaseStepListener - stepFinished: current outcome:Register in the magneto job area, Checks the behavior of the system when entering numeric characters in the "Name" field.:Given than erika wants to verify the form of the work area in choucair
| strUser | strLastName | strEmail | strPhone |
| 2665515 | Caita | eicaita@misena.edu.co | 3175727990 | [Santiago open up [santiago opens the Choucair academy page], Santiago register [santiago enters '2665515' into were do we write the first name, santiago enters 'Caita' into were do we write the last name, santiago enters 'eicaita@misena.edu.co' into were do we write the email, santiago enters '3175727990' into were do we write the phone, santiago clicks on were do we write the phone, santiago clicks on button to confirm login]]
[Test worker] WARN net.thucydides.core.steps.BaseStepListener - stepStarted: net.thucydides.core.steps.ExecutedStepDescription@78bd27d
[Test worker] WARN net.thucydides.core.steps.BaseStepListener - stepStarted: net.thucydides.core.steps.ExecutedStepDescription@2ce877f1
[Test worker] WARN net.thucydides.core.steps.BaseStepListener - stepStarted: net.thucydides.core.steps.ExecutedStepDescription@6c931f06
[Test worker] WARN net.thucydides.core.steps.BaseStepListener - stepFinished: current outcome:Register in the magneto job area, Checks the behavior of the system when entering numeric characters in the "Name" field.:Given than erika wants to verify the form of the work area in choucair
| strUser | strLastName | strEmail | strPhone |
| 2665515 | Caita | eicaita@misena.edu.co | 3175727990 | [Santiago open up [santiago opens the Choucair academy page], Santiago register [santiago enters '2665515' into were do we write the first name, santiago enters 'Caita' into were do we write the last name, santiago enters 'eicaita@misena.edu.co' into were do we write the email, santiago enters '3175727990' into were do we write the phone, santiago clicks on were do we write the phone, santiago clicks on button to confirm login]], When she search for the job area registration
| strCourse |
| Magneto Jobs | [Santiago search [santiago clicks on clic for name the job area]]
[Test worker] WARN net.thucydides.core.steps.BaseStepListener - stepFinished: current outcome:Register in the magneto job area, Checks the behavior of the system when entering numeric characters in the "Name" field.:Given than erika wants to verify the form of the work area in choucair
| strUser | strLastName | strEmail | strPhone |
| 2665515 | Caita | eicaita@misena.edu.co | 3175727990 | [Santiago open up [santiago opens the Choucair academy page], Santiago register [santiago enters '2665515' into were do we write the first name, santiago enters 'Caita' into were do we write the last name, santiago enters 'eicaita@misena.edu.co' into were do we write the email, santiago enters '3175727990' into were do we write the phone, santiago clicks on were do we write the phone, santiago clicks on button to confirm login]], When she search for the job area registration
| strCourse |
| Magneto Jobs | [Santiago search [santiago clicks on clic for name the job area]]
[Test worker] WARN net.thucydides.core.steps.BaseStepListener - stepFinished: current outcome:Register in the magneto job area, Checks the behavior of the system when entering numeric characters in the "Name" field.:Given than erika wants to verify the form of the work area in choucair
| strUser | strLastName | strEmail | strPhone |
| 2665515 | Caita | eicaita@misena.edu.co | 3175727990 | [Santiago open up [santiago opens the Choucair academy page], Santiago register [santiago enters '2665515' into were do we write the first name, santiago enters 'Caita' into were do we write the last name, santiago enters 'eicaita@misena.edu.co' into were do we write the email, santiago enters '3175727990' into were do we write the phone, santiago clicks on were do we write the phone, santiago clicks on button to confirm login]], When she search for the job area registration
| strCourse |
| Magneto Jobs | [Santiago search [santiago clicks on clic for name the job area]]
[Test worker] WARN net.thucydides.core.steps.BaseStepListener - stepStarted: net.thucydides.core.steps.ExecutedStepDescription@2bdc323a
[Test worker] WARN net.thucydides.core.steps.BaseStepListener - stepStarted: net.thucydides.core.steps.ExecutedStepDescription@4bec791f
[Test worker] WARN net.thucydides.core.steps.BaseStepListener - stepFinished: current outcome:Register in the magneto job area, Checks the behavior of the system when entering numeric characters in the "Name" field.:Given than erika wants to verify the form of the work area in choucair
| strUser | strLastName | strEmail | strPhone |
| 2665515 | Caita | eicaita@misena.edu.co | 3175727990 | [Santiago open up [santiago opens the Choucair academy page], Santiago register [santiago enters '2665515' into were do we write the first name, santiago enters 'Caita' into were do we write the last name, santiago enters 'eicaita@misena.edu.co' into were do we write the email, santiago enters '3175727990' into were do we write the phone, santiago clicks on were do we write the phone, santiago clicks on button to confirm login]], When she search for the job area registration
| strCourse |
| Magneto Jobs | [Santiago search [santiago clicks on clic for name the job area]], Then she finds the area called
| strCourse |
| Magneto Jobs | [Then answer]
[Test worker] WARN net.thucydides.core.steps.BaseStepListener - stepFinished: current outcome:Register in the magneto job area, Checks the behavior of the system when entering numeric characters in the "Name" field.:Given than erika wants to verify the form of the work area in choucair
| strUser | strLastName | strEmail | strPhone |
| 2665515 | Caita | eicaita@misena.edu.co | 3175727990 | [Santiago open up [santiago opens the Choucair academy page], Santiago register [santiago enters '2665515' into were do we write the first name, santiago enters 'Caita' into were do we write the last name, santiago enters 'eicaita@misena.edu.co' into were do we write the email, santiago enters '3175727990' into were do we write the phone, santiago clicks on were do we write the phone, santiago clicks on button to confirm login]], When she search for the job area registration
| strCourse |
| Magneto Jobs | [Santiago search [santiago clicks on clic for name the job area]], Then she finds the area called
| strCourse |
| Magneto Jobs | [Then answer]
[Test worker] WARN net.thucydides.core.steps.BaseStepListener - testFinished: Register in the magneto job area, Checks the behavior of the system when entering numeric characters in the "Name" field.:Given than erika wants to verify the form of the work area in choucair
| strUser | strLastName | strEmail | strPhone |
| 2665515 | Caita | eicaita@misena.edu.co | 3175727990 | [Santiago open up [santiago opens the Choucair academy page], Santiago register [santiago enters '2665515' into were do we write the first name, santiago enters 'Caita' into were do we write the last name, santiago enters 'eicaita@misena.edu.co' into were do we write the email, santiago enters '3175727990' into were do we write the phone, santiago clicks on were do we write the phone, santiago clicks on button to confirm login]], When she search for the job area registration
| strCourse |
| Magneto Jobs | [Santiago search [santiago clicks on clic for name the job area]], Then she finds the area called
| strCourse |
| Magneto Jobs | [Then answer]
[Test worker] WARN net.thucydides.core.steps.BaseStepListener - TestOutcomes: [Register in the magneto job area, Checks the behavior of the system when entering numeric characters in the "Name" field.:Given than erika wants to verify the form of the work area in choucair
| strUser | strLastName | strEmail | strPhone |
| 2665515 | Caita | eicaita@misena.edu.co | 3175727990 | [Santiago open up [santiago opens the Choucair academy page], Santiago register [santiago enters '2665515' into were do we write the first name, santiago enters 'Caita' into were do we write the last name, santiago enters 'eicaita@misena.edu.co' into were do we write the email, santiago enters '3175727990' into were do we write the phone, santiago clicks on were do we write the phone, santiago clicks on button to confirm login]], When she search for the job area registration
| strCourse |
| Magneto Jobs | [Santiago search [santiago clicks on clic for name the job area]], Then she finds the area called
| strCourse |
| Magneto Jobs | [Then answer]]
[Test worker] WARN net.thucydides.core.steps.BaseStepListener - Final testOutcomes: [Register in the magneto job area, Checks the behavior of the system when entering numeric characters in the "Name" field.:Given than erika wants to verify the form of the work area in choucair
| strUser | strLastName | strEmail | strPhone |
| 2665515 | Caita | eicaita@misena.edu.co | 3175727990 | [Santiago open up [santiago opens the Choucair academy page], Santiago register [santiago enters '2665515' into were do we write the first name, santiago enters 'Caita' into were do we write the last name, santiago enters 'eicaita@misena.edu.co' into were do we write the email, santiago enters '3175727990' into were do we write the phone, santiago clicks on were do we write the phone, santiago clicks on button to confirm login]], When she search for the job area registration
| strCourse |
| Magneto Jobs | [Santiago search [santiago clicks on clic for name the job area]], Then she finds the area called
| strCourse |
| Magneto Jobs | [Then answer]]
[Test worker] INFO net.thucydides.core.steps.ConsoleLoggingListener - 
        __    _____ _____ ____ _____   ____   _    ____  ____  _____ ____  
  _     \ \  |_   _| ____/ ___|_   _| |  _ \ / \  / ___|/ ___|| ____|  _ \ 
 (_)_____| |   | | |  _| \___ \ | |   | |_) / _ \ \___ \\___ \|  _| | | | |
  _|_____| |   | | | |___ ___) || |   |  __/ ___ \ ___) |___) | |___| |_| |
 (_)     | |   |_| |_____|____/ |_|   |_| /_/   \_\____/|____/|_____|____/ 
        /_/                                                                

TEST PASSED: Register in the magneto job area, Checks the behavior of the system when entering numeric characters in the "Name" field.
----------------------------------------------------------------------------
[Test worker] WARN net.thucydides.core.steps.BaseStepListener - stepStarted: net.thucydides.core.steps.ExecutedStepDescription@3880fc49
[Test worker] WARN net.thucydides.core.steps.BaseStepListener - stepStarted: net.thucydides.core.steps.ExecutedStepDescription@53bbb930
[Test worker] WARN net.thucydides.core.steps.BaseStepListener - stepStarted: net.thucydides.core.steps.ExecutedStepDescription@1d528bf8
jul 12, 2021 4:01:35 AM org.openqa.selenium.remote.DesiredCapabilities chrome
INFORMACIÓN: Using `new ChromeOptions()` is preferred to `DesiredCapabilities.chrome()`
[Test worker] INFO net.serenitybdd.core.webdriver.driverproviders.ProvideNewDriver - Instantiating driver
[Test worker] INFO net.serenitybdd.core.webdriver.driverproviders.ProvideNewDriver - Driver capabilities: Capabilities {acceptInsecureCerts: false, browserName: chrome, chrome.switches: --start-maximized, goog:chromeOptions: {args: [--start-maximized], extensions: []}, loggingPrefs: org.openqa.selenium.logging..., platform: ANY, version: }
Starting ChromeDriver 91.0.4472.19 (1bf021f248676a0b2ab3ee0561d83a59e424c23e-refs/branch-heads/4472@{#288}) on port 3997
Only local connections are allowed.
Please see https://chromedriver.chromium.org/security-considerations for suggestions on keeping ChromeDriver safe.
ChromeDriver was started successfully.
jul 12, 2021 4:01:44 AM org.openqa.selenium.remote.ProtocolHandshake createSession
INFORMACIÓN: Detected dialect: W3C
[Test worker] WARN net.thucydides.core.steps.BaseStepListener - stepFinished: current outcome:Register in the magneto job area, Check the behavior of the system when an invalid email is entered in the "Email" field.:Given than erika wants to verify the form of the work area in choucair
| strUser | strLastName | strEmail | strPhone |
| Erika | Caita | eicaita@misena | 3175727990 | [Santiago open up [santiago opens the Choucair academy page]]
[Test worker] WARN net.thucydides.core.steps.BaseStepListener - stepFinished: current outcome:Register in the magneto job area, Check the behavior of the system when an invalid email is entered in the "Email" field.:Given than erika wants to verify the form of the work area in choucair
| strUser | strLastName | strEmail | strPhone |
| Erika | Caita | eicaita@misena | 3175727990 | [Santiago open up [santiago opens the Choucair academy page]]
[Test worker] WARN net.thucydides.core.steps.BaseStepListener - stepStarted: net.thucydides.core.steps.ExecutedStepDescription@53a4d4c9
[Test worker] WARN net.thucydides.core.steps.BaseStepListener - stepStarted: net.thucydides.core.steps.ExecutedStepDescription@bd6e828
[Test worker] WARN net.thucydides.core.steps.BaseStepListener - stepFinished: current outcome:Register in the magneto job area, Check the behavior of the system when an invalid email is entered in the "Email" field.:Given than erika wants to verify the form of the work area in choucair
| strUser | strLastName | strEmail | strPhone |
| Erika | Caita | eicaita@misena | 3175727990 | [Santiago open up [santiago opens the Choucair academy page], Santiago register [santiago enters 'Erika' into were do we write the first name]]
[Test worker] WARN net.thucydides.core.steps.BaseStepListener - stepStarted: net.thucydides.core.steps.ExecutedStepDescription@761639bc
[Test worker] WARN net.thucydides.core.steps.BaseStepListener - stepFinished: current outcome:Register in the magneto job area, Check the behavior of the system when an invalid email is entered in the "Email" field.:Given than erika wants to verify the form of the work area in choucair
| strUser | strLastName | strEmail | strPhone |
| Erika | Caita | eicaita@misena | 3175727990 | [Santiago open up [santiago opens the Choucair academy page], Santiago register [santiago enters 'Erika' into were do we write the first name, santiago enters 'Caita' into were do we write the last name]]
[Test worker] WARN net.thucydides.core.steps.BaseStepListener - stepStarted: net.thucydides.core.steps.ExecutedStepDescription@3f21f82f
[Test worker] WARN net.thucydides.core.steps.BaseStepListener - stepFinished: current outcome:Register in the magneto job area, Check the behavior of the system when an invalid email is entered in the "Email" field.:Given than erika wants to verify the form of the work area in choucair
| strUser | strLastName | strEmail | strPhone |
| Erika | Caita | eicaita@misena | 3175727990 | [Santiago open up [santiago opens the Choucair academy page], Santiago register [santiago enters 'Erika' into were do we write the first name, santiago enters 'Caita' into were do we write the last name, santiago enters 'eicaita@misena' into were do we write the email]]
[Test worker] WARN net.thucydides.core.steps.BaseStepListener - stepStarted: net.thucydides.core.steps.ExecutedStepDescription@7db56a48
[Test worker] WARN net.thucydides.core.steps.BaseStepListener - stepFinished: current outcome:Register in the magneto job area, Check the behavior of the system when an invalid email is entered in the "Email" field.:Given than erika wants to verify the form of the work area in choucair
| strUser | strLastName | strEmail | strPhone |
| Erika | Caita | eicaita@misena | 3175727990 | [Santiago open up [santiago opens the Choucair academy page], Santiago register [santiago enters 'Erika' into were do we write the first name, santiago enters 'Caita' into were do we write the last name, santiago enters 'eicaita@misena' into were do we write the email, santiago enters '3175727990' into were do we write the phone]]
[Test worker] WARN net.thucydides.core.steps.BaseStepListener - stepStarted: net.thucydides.core.steps.ExecutedStepDescription@6883d37e
[Test worker] WARN net.thucydides.core.steps.BaseStepListener - stepFinished: current outcome:Register in the magneto job area, Check the behavior of the system when an invalid email is entered in the "Email" field.:Given than erika wants to verify the form of the work area in choucair
| strUser | strLastName | strEmail | strPhone |
| Erika | Caita | eicaita@misena | 3175727990 | [Santiago open up [santiago opens the Choucair academy page], Santiago register [santiago enters 'Erika' into were do we write the first name, santiago enters 'Caita' into were do we write the last name, santiago enters 'eicaita@misena' into were do we write the email, santiago enters '3175727990' into were do we write the phone, santiago clicks on were do we write the phone]]
[Test worker] WARN net.thucydides.core.steps.BaseStepListener - stepStarted: net.thucydides.core.steps.ExecutedStepDescription@4a5fe0a5
[Test worker] WARN net.thucydides.core.steps.BaseStepListener - stepFinished: current outcome:Register in the magneto job area, Check the behavior of the system when an invalid email is entered in the "Email" field.:Given than erika wants to verify the form of the work area in choucair
| strUser | strLastName | strEmail | strPhone |
| Erika | Caita | eicaita@misena | 3175727990 | [Santiago open up [santiago opens the Choucair academy page], Santiago register [santiago enters 'Erika' into were do we write the first name, santiago enters 'Caita' into were do we write the last name, santiago enters 'eicaita@misena' into were do we write the email, santiago enters '3175727990' into were do we write the phone, santiago clicks on were do we write the phone, santiago clicks on button to confirm login]]
[Test worker] WARN net.thucydides.core.steps.BaseStepListener - stepFinished: current outcome:Register in the magneto job area, Check the behavior of the system when an invalid email is entered in the "Email" field.:Given than erika wants to verify the form of the work area in choucair
| strUser | strLastName | strEmail | strPhone |
| Erika | Caita | eicaita@misena | 3175727990 | [Santiago open up [santiago opens the Choucair academy page], Santiago register [santiago enters 'Erika' into were do we write the first name, santiago enters 'Caita' into were do we write the last name, santiago enters 'eicaita@misena' into were do we write the email, santiago enters '3175727990' into were do we write the phone, santiago clicks on were do we write the phone, santiago clicks on button to confirm login]]
[Test worker] WARN net.thucydides.core.steps.BaseStepListener - stepFinished: current outcome:Register in the magneto job area, Check the behavior of the system when an invalid email is entered in the "Email" field.:Given than erika wants to verify the form of the work area in choucair
| strUser | strLastName | strEmail | strPhone |
| Erika | Caita | eicaita@misena | 3175727990 | [Santiago open up [santiago opens the Choucair academy page], Santiago register [santiago enters 'Erika' into were do we write the first name, santiago enters 'Caita' into were do we write the last name, santiago enters 'eicaita@misena' into were do we write the email, santiago enters '3175727990' into were do we write the phone, santiago clicks on were do we write the phone, santiago clicks on button to confirm login]]
[Test worker] WARN net.thucydides.core.steps.BaseStepListener - stepStarted: net.thucydides.core.steps.ExecutedStepDescription@32ce0050
[Test worker] WARN net.thucydides.core.steps.BaseStepListener - stepStarted: net.thucydides.core.steps.ExecutedStepDescription@2cc5cd26
[Test worker] WARN net.thucydides.core.steps.BaseStepListener - stepStarted: net.thucydides.core.steps.ExecutedStepDescription@4c2107cf
[Test worker] WARN net.thucydides.core.steps.BaseStepListener - stepFinished: current outcome:Register in the magneto job area, Check the behavior of the system when an invalid email is entered in the "Email" field.:Given than erika wants to verify the form of the work area in choucair
| strUser | strLastName | strEmail | strPhone |
| Erika | Caita | eicaita@misena | 3175727990 | [Santiago open up [santiago opens the Choucair academy page], Santiago register [santiago enters 'Erika' into were do we write the first name, santiago enters 'Caita' into were do we write the last name, santiago enters 'eicaita@misena' into were do we write the email, santiago enters '3175727990' into were do we write the phone, santiago clicks on were do we write the phone, santiago clicks on button to confirm login]], When she search for the job area registration
| strCourse |
| Magneto Jobs | [Santiago search [santiago clicks on clic for name the job area]]
[Test worker] WARN net.thucydides.core.steps.BaseStepListener - stepFinished: current outcome:Register in the magneto job area, Check the behavior of the system when an invalid email is entered in the "Email" field.:Given than erika wants to verify the form of the work area in choucair
| strUser | strLastName | strEmail | strPhone |
| Erika | Caita | eicaita@misena | 3175727990 | [Santiago open up [santiago opens the Choucair academy page], Santiago register [santiago enters 'Erika' into were do we write the first name, santiago enters 'Caita' into were do we write the last name, santiago enters 'eicaita@misena' into were do we write the email, santiago enters '3175727990' into were do we write the phone, santiago clicks on were do we write the phone, santiago clicks on button to confirm login]], When she search for the job area registration
| strCourse |
| Magneto Jobs | [Santiago search [santiago clicks on clic for name the job area]]
[Test worker] WARN net.thucydides.core.steps.BaseStepListener - stepFinished: current outcome:Register in the magneto job area, Check the behavior of the system when an invalid email is entered in the "Email" field.:Given than erika wants to verify the form of the work area in choucair
| strUser | strLastName | strEmail | strPhone |
| Erika | Caita | eicaita@misena | 3175727990 | [Santiago open up [santiago opens the Choucair academy page], Santiago register [santiago enters 'Erika' into were do we write the first name, santiago enters 'Caita' into were do we write the last name, santiago enters 'eicaita@misena' into were do we write the email, santiago enters '3175727990' into were do we write the phone, santiago clicks on were do we write the phone, santiago clicks on button to confirm login]], When she search for the job area registration
| strCourse |
| Magneto Jobs | [Santiago search [santiago clicks on clic for name the job area]]
[Test worker] WARN net.thucydides.core.steps.BaseStepListener - stepStarted: net.thucydides.core.steps.ExecutedStepDescription@42f5faac
[Test worker] WARN net.thucydides.core.steps.BaseStepListener - stepStarted: net.thucydides.core.steps.ExecutedStepDescription@3ae5ab65
[Test worker] WARN net.thucydides.core.steps.BaseStepListener - stepFinished: current outcome:Register in the magneto job area, Check the behavior of the system when an invalid email is entered in the "Email" field.:Given than erika wants to verify the form of the work area in choucair
| strUser | strLastName | strEmail | strPhone |
| Erika | Caita | eicaita@misena | 3175727990 | [Santiago open up [santiago opens the Choucair academy page], Santiago register [santiago enters 'Erika' into were do we write the first name, santiago enters 'Caita' into were do we write the last name, santiago enters 'eicaita@misena' into were do we write the email, santiago enters '3175727990' into were do we write the phone, santiago clicks on were do we write the phone, santiago clicks on button to confirm login]], When she search for the job area registration
| strCourse |
| Magneto Jobs | [Santiago search [santiago clicks on clic for name the job area]], Then she finds the area called
| strCourse |
| Magneto Jobs | [Then answer]
[Test worker] WARN net.thucydides.core.steps.BaseStepListener - stepFinished: current outcome:Register in the magneto job area, Check the behavior of the system when an invalid email is entered in the "Email" field.:Given than erika wants to verify the form of the work area in choucair
| strUser | strLastName | strEmail | strPhone |
| Erika | Caita | eicaita@misena | 3175727990 | [Santiago open up [santiago opens the Choucair academy page], Santiago register [santiago enters 'Erika' into were do we write the first name, santiago enters 'Caita' into were do we write the last name, santiago enters 'eicaita@misena' into were do we write the email, santiago enters '3175727990' into were do we write the phone, santiago clicks on were do we write the phone, santiago clicks on button to confirm login]], When she search for the job area registration
| strCourse |
| Magneto Jobs | [Santiago search [santiago clicks on clic for name the job area]], Then she finds the area called
| strCourse |
| Magneto Jobs | [Then answer]
[Test worker] WARN net.thucydides.core.steps.BaseStepListener - testFinished: Register in the magneto job area, Check the behavior of the system when an invalid email is entered in the "Email" field.:Given than erika wants to verify the form of the work area in choucair
| strUser | strLastName | strEmail | strPhone |
| Erika | Caita | eicaita@misena | 3175727990 | [Santiago open up [santiago opens the Choucair academy page], Santiago register [santiago enters 'Erika' into were do we write the first name, santiago enters 'Caita' into were do we write the last name, santiago enters 'eicaita@misena' into were do we write the email, santiago enters '3175727990' into were do we write the phone, santiago clicks on were do we write the phone, santiago clicks on button to confirm login]], When she search for the job area registration
| strCourse |
| Magneto Jobs | [Santiago search [santiago clicks on clic for name the job area]], Then she finds the area called
| strCourse |
| Magneto Jobs | [Then answer]
[Test worker] WARN net.thucydides.core.steps.BaseStepListener - TestOutcomes: [Register in the magneto job area, Checks the behavior of the system when entering numeric characters in the "Name" field.:Given than erika wants to verify the form of the work area in choucair
| strUser | strLastName | strEmail | strPhone |
| 2665515 | Caita | eicaita@misena.edu.co | 3175727990 | [Santiago open up [santiago opens the Choucair academy page], Santiago register [santiago enters '2665515' into were do we write the first name, santiago enters 'Caita' into were do we write the last name, santiago enters 'eicaita@misena.edu.co' into were do we write the email, santiago enters '3175727990' into were do we write the phone, santiago clicks on were do we write the phone, santiago clicks on button to confirm login]], When she search for the job area registration
| strCourse |
| Magneto Jobs | [Santiago search [santiago clicks on clic for name the job area]], Then she finds the area called
| strCourse |
| Magneto Jobs | [Then answer], Register in the magneto job area, Check the behavior of the system when an invalid email is entered in the "Email" field.:Given than erika wants to verify the form of the work area in choucair
| strUser | strLastName | strEmail | strPhone |
| Erika | Caita | eicaita@misena | 3175727990 | [Santiago open up [santiago opens the Choucair academy page], Santiago register [santiago enters 'Erika' into were do we write the first name, santiago enters 'Caita' into were do we write the last name, santiago enters 'eicaita@misena' into were do we write the email, santiago enters '3175727990' into were do we write the phone, santiago clicks on were do we write the phone, santiago clicks on button to confirm login]], When she search for the job area registration
| strCourse |
| Magneto Jobs | [Santiago search [santiago clicks on clic for name the job area]], Then she finds the area called
| strCourse |
| Magneto Jobs | [Then answer]]
[Test worker] WARN net.thucydides.core.steps.BaseStepListener - Final testOutcomes: [Register in the magneto job area, Checks the behavior of the system when entering numeric characters in the "Name" field.:Given than erika wants to verify the form of the work area in choucair
| strUser | strLastName | strEmail | strPhone |
| 2665515 | Caita | eicaita@misena.edu.co | 3175727990 | [Santiago open up [santiago opens the Choucair academy page], Santiago register [santiago enters '2665515' into were do we write the first name, santiago enters 'Caita' into were do we write the last name, santiago enters 'eicaita@misena.edu.co' into were do we write the email, santiago enters '3175727990' into were do we write the phone, santiago clicks on were do we write the phone, santiago clicks on button to confirm login]], When she search for the job area registration
| strCourse |
| Magneto Jobs | [Santiago search [santiago clicks on clic for name the job area]], Then she finds the area called
| strCourse |
| Magneto Jobs | [Then answer], Register in the magneto job area, Check the behavior of the system when an invalid email is entered in the "Email" field.:Given than erika wants to verify the form of the work area in choucair
| strUser | strLastName | strEmail | strPhone |
| Erika | Caita | eicaita@misena | 3175727990 | [Santiago open up [santiago opens the Choucair academy page], Santiago register [santiago enters 'Erika' into were do we write the first name, santiago enters 'Caita' into were do we write the last name, santiago enters 'eicaita@misena' into were do we write the email, santiago enters '3175727990' into were do we write the phone, santiago clicks on were do we write the phone, santiago clicks on button to confirm login]], When she search for the job area registration
| strCourse |
| Magneto Jobs | [Santiago search [santiago clicks on clic for name the job area]], Then she finds the area called
| strCourse |
| Magneto Jobs | [Then answer]]
[Test worker] INFO net.thucydides.core.steps.ConsoleLoggingListener - 
        __    _____ _____ ____ _____   ____   _    ____  ____  _____ ____  
  _     \ \  |_   _| ____/ ___|_   _| |  _ \ / \  / ___|/ ___|| ____|  _ \ 
 (_)_____| |   | | |  _| \___ \ | |   | |_) / _ \ \___ \\___ \|  _| | | | |
  _|_____| |   | | | |___ ___) || |   |  __/ ___ \ ___) |___) | |___| |_| |
 (_)     | |   |_| |_____|____/ |_|   |_| /_/   \_\____/|____/|_____|____/ 
        /_/                                                                

TEST PASSED: Register in the magneto job area, Check the behavior of the system when an invalid email is entered in the "Email" field.
----------------------------------------------------------------------------
[Test worker] WARN net.thucydides.core.steps.BaseStepListener - stepStarted: net.thucydides.core.steps.ExecutedStepDescription@5b79d522
[Test worker] WARN net.thucydides.core.steps.BaseStepListener - stepStarted: net.thucydides.core.steps.ExecutedStepDescription@37e2176a
[Test worker] WARN net.thucydides.core.steps.BaseStepListener - stepStarted: net.thucydides.core.steps.ExecutedStepDescription@5a92145a
jul 12, 2021 4:02:00 AM org.openqa.selenium.remote.DesiredCapabilities chrome
INFORMACIÓN: Using `new ChromeOptions()` is preferred to `DesiredCapabilities.chrome()`
[Test worker] INFO net.serenitybdd.core.webdriver.driverproviders.ProvideNewDriver - Instantiating driver
[Test worker] INFO net.serenitybdd.core.webdriver.driverproviders.ProvideNewDriver - Driver capabilities: Capabilities {acceptInsecureCerts: false, browserName: chrome, chrome.switches: --start-maximized, goog:chromeOptions: {args: [--start-maximized], extensions: []}, loggingPrefs: org.openqa.selenium.logging..., platform: ANY, version: }
Starting ChromeDriver 91.0.4472.19 (1bf021f248676a0b2ab3ee0561d83a59e424c23e-refs/branch-heads/4472@{#288}) on port 14997
Only local connections are allowed.
Please see https://chromedriver.chromium.org/security-considerations for suggestions on keeping ChromeDriver safe.
ChromeDriver was started successfully.
jul 12, 2021 4:02:02 AM org.openqa.selenium.remote.ProtocolHandshake createSession
INFORMACIÓN: Detected dialect: W3C
[Test worker] WARN net.thucydides.core.steps.BaseStepListener - stepFinished: current outcome:Register in the magneto job area, Check the behavior of the system when entering a number with alphabetic characters in the "Cellular" field Check the behavior of the system:Given than erika wants to verify the form of the work area in choucair
| strUser | strLastName | strEmail | strPhone |
| Erika | Caita | eicaita@misena.edu.co | asbdaadbb | [Santiago open up [santiago opens the Choucair academy page]]
[Test worker] WARN net.thucydides.core.steps.BaseStepListener - stepFinished: current outcome:Register in the magneto job area, Check the behavior of the system when entering a number with alphabetic characters in the "Cellular" field Check the behavior of the system:Given than erika wants to verify the form of the work area in choucair
| strUser | strLastName | strEmail | strPhone |
| Erika | Caita | eicaita@misena.edu.co | asbdaadbb | [Santiago open up [santiago opens the Choucair academy page]]
[Test worker] WARN net.thucydides.core.steps.BaseStepListener - stepStarted: net.thucydides.core.steps.ExecutedStepDescription@26611141
[Test worker] WARN net.thucydides.core.steps.BaseStepListener - stepStarted: net.thucydides.core.steps.ExecutedStepDescription@3920ae7b
[Test worker] WARN net.thucydides.core.steps.BaseStepListener - stepFinished: current outcome:Register in the magneto job area, Check the behavior of the system when entering a number with alphabetic characters in the "Cellular" field Check the behavior of the system:Given than erika wants to verify the form of the work area in choucair
| strUser | strLastName | strEmail | strPhone |
| Erika | Caita | eicaita@misena.edu.co | asbdaadbb | [Santiago open up [santiago opens the Choucair academy page], Santiago register [santiago enters 'Erika' into were do we write the first name]]
[Test worker] WARN net.thucydides.core.steps.BaseStepListener - stepStarted: net.thucydides.core.steps.ExecutedStepDescription@97800fa
[Test worker] WARN net.thucydides.core.steps.BaseStepListener - stepFinished: current outcome:Register in the magneto job area, Check the behavior of the system when entering a number with alphabetic characters in the "Cellular" field Check the behavior of the system:Given than erika wants to verify the form of the work area in choucair
| strUser | strLastName | strEmail | strPhone |
| Erika | Caita | eicaita@misena.edu.co | asbdaadbb | [Santiago open up [santiago opens the Choucair academy page], Santiago register [santiago enters 'Erika' into were do we write the first name, santiago enters 'Caita' into were do we write the last name]]
[Test worker] WARN net.thucydides.core.steps.BaseStepListener - stepStarted: net.thucydides.core.steps.ExecutedStepDescription@1f186fc4
[Test worker] WARN net.thucydides.core.steps.BaseStepListener - stepFinished: current outcome:Register in the magneto job area, Check the behavior of the system when entering a number with alphabetic characters in the "Cellular" field Check the behavior of the system:Given than erika wants to verify the form of the work area in choucair
| strUser | strLastName | strEmail | strPhone |
| Erika | Caita | eicaita@misena.edu.co | asbdaadbb | [Santiago open up [santiago opens the Choucair academy page], Santiago register [santiago enters 'Erika' into were do we write the first name, santiago enters 'Caita' into were do we write the last name, santiago enters 'eicaita@misena.edu.co' into were do we write the email]]
[Test worker] WARN net.thucydides.core.steps.BaseStepListener - stepStarted: net.thucydides.core.steps.ExecutedStepDescription@253a6e75
[Test worker] WARN net.thucydides.core.steps.BaseStepListener - stepFinished: current outcome:Register in the magneto job area, Check the behavior of the system when entering a number with alphabetic characters in the "Cellular" field Check the behavior of the system:Given than erika wants to verify the form of the work area in choucair
| strUser | strLastName | strEmail | strPhone |
| Erika | Caita | eicaita@misena.edu.co | asbdaadbb | [Santiago open up [santiago opens the Choucair academy page], Santiago register [santiago enters 'Erika' into were do we write the first name, santiago enters 'Caita' into were do we write the last name, santiago enters 'eicaita@misena.edu.co' into were do we write the email, santiago enters 'asbdaadbb' into were do we write the phone]]
[Test worker] WARN net.thucydides.core.steps.BaseStepListener - stepStarted: net.thucydides.core.steps.ExecutedStepDescription@773d7bd5
[Test worker] WARN net.thucydides.core.steps.BaseStepListener - stepFinished: current outcome:Register in the magneto job area, Check the behavior of the system when entering a number with alphabetic characters in the "Cellular" field Check the behavior of the system:Given than erika wants to verify the form of the work area in choucair
| strUser | strLastName | strEmail | strPhone |
| Erika | Caita | eicaita@misena.edu.co | asbdaadbb | [Santiago open up [santiago opens the Choucair academy page], Santiago register [santiago enters 'Erika' into were do we write the first name, santiago enters 'Caita' into were do we write the last name, santiago enters 'eicaita@misena.edu.co' into were do we write the email, santiago enters 'asbdaadbb' into were do we write the phone, santiago clicks on were do we write the phone]]
[Test worker] WARN net.thucydides.core.steps.BaseStepListener - stepStarted: net.thucydides.core.steps.ExecutedStepDescription@2fde813b
[Test worker] WARN net.thucydides.core.steps.BaseStepListener - stepFinished: current outcome:Register in the magneto job area, Check the behavior of the system when entering a number with alphabetic characters in the "Cellular" field Check the behavior of the system:Given than erika wants to verify the form of the work area in choucair
| strUser | strLastName | strEmail | strPhone |
| Erika | Caita | eicaita@misena.edu.co | asbdaadbb | [Santiago open up [santiago opens the Choucair academy page], Santiago register [santiago enters 'Erika' into were do we write the first name, santiago enters 'Caita' into were do we write the last name, santiago enters 'eicaita@misena.edu.co' into were do we write the email, santiago enters 'asbdaadbb' into were do we write the phone, santiago clicks on were do we write the phone, santiago clicks on button to confirm login]]
[Test worker] WARN net.thucydides.core.steps.BaseStepListener - stepFinished: current outcome:Register in the magneto job area, Check the behavior of the system when entering a number with alphabetic characters in the "Cellular" field Check the behavior of the system:Given than erika wants to verify the form of the work area in choucair
| strUser | strLastName | strEmail | strPhone |
| Erika | Caita | eicaita@misena.edu.co | asbdaadbb | [Santiago open up [santiago opens the Choucair academy page], Santiago register [santiago enters 'Erika' into were do we write the first name, santiago enters 'Caita' into were do we write the last name, santiago enters 'eicaita@misena.edu.co' into were do we write the email, santiago enters 'asbdaadbb' into were do we write the phone, santiago clicks on were do we write the phone, santiago clicks on button to confirm login]]
[Test worker] WARN net.thucydides.core.steps.BaseStepListener - stepFinished: current outcome:Register in the magneto job area, Check the behavior of the system when entering a number with alphabetic characters in the "Cellular" field Check the behavior of the system:Given than erika wants to verify the form of the work area in choucair
| strUser | strLastName | strEmail | strPhone |
| Erika | Caita | eicaita@misena.edu.co | asbdaadbb | [Santiago open up [santiago opens the Choucair academy page], Santiago register [santiago enters 'Erika' into were do we write the first name, santiago enters 'Caita' into were do we write the last name, santiago enters 'eicaita@misena.edu.co' into were do we write the email, santiago enters 'asbdaadbb' into were do we write the phone, santiago clicks on were do we write the phone, santiago clicks on button to confirm login]]
[Test worker] WARN net.thucydides.core.steps.BaseStepListener - stepStarted: net.thucydides.core.steps.ExecutedStepDescription@b87af09
[Test worker] WARN net.thucydides.core.steps.BaseStepListener - stepStarted: net.thucydides.core.steps.ExecutedStepDescription@6c14d1c4
[Test worker] WARN net.thucydides.core.steps.BaseStepListener - stepStarted: net.thucydides.core.steps.ExecutedStepDescription@69c060e2
[Test worker] WARN net.thucydides.core.steps.BaseStepListener - stepFinished: current outcome:Register in the magneto job area, Check the behavior of the system when entering a number with alphabetic characters in the "Cellular" field Check the behavior of the system:Given than erika wants to verify the form of the work area in choucair
| strUser | strLastName | strEmail | strPhone |
| Erika | Caita | eicaita@misena.edu.co | asbdaadbb | [Santiago open up [santiago opens the Choucair academy page], Santiago register [santiago enters 'Erika' into were do we write the first name, santiago enters 'Caita' into were do we write the last name, santiago enters 'eicaita@misena.edu.co' into were do we write the email, santiago enters 'asbdaadbb' into were do we write the phone, santiago clicks on were do we write the phone, santiago clicks on button to confirm login]], When she search for the job area registration
| strCourse |
| Magneto Jobs | [Santiago search [santiago clicks on clic for name the job area]]
[Test worker] WARN net.thucydides.core.steps.BaseStepListener - stepFinished: current outcome:Register in the magneto job area, Check the behavior of the system when entering a number with alphabetic characters in the "Cellular" field Check the behavior of the system:Given than erika wants to verify the form of the work area in choucair
| strUser | strLastName | strEmail | strPhone |
| Erika | Caita | eicaita@misena.edu.co | asbdaadbb | [Santiago open up [santiago opens the Choucair academy page], Santiago register [santiago enters 'Erika' into were do we write the first name, santiago enters 'Caita' into were do we write the last name, santiago enters 'eicaita@misena.edu.co' into were do we write the email, santiago enters 'asbdaadbb' into were do we write the phone, santiago clicks on were do we write the phone, santiago clicks on button to confirm login]], When she search for the job area registration
| strCourse |
| Magneto Jobs | [Santiago search [santiago clicks on clic for name the job area]]
[Test worker] WARN net.thucydides.core.steps.BaseStepListener - stepFinished: current outcome:Register in the magneto job area, Check the behavior of the system when entering a number with alphabetic characters in the "Cellular" field Check the behavior of the system:Given than erika wants to verify the form of the work area in choucair
| strUser | strLastName | strEmail | strPhone |
| Erika | Caita | eicaita@misena.edu.co | asbdaadbb | [Santiago open up [santiago opens the Choucair academy page], Santiago register [santiago enters 'Erika' into were do we write the first name, santiago enters 'Caita' into were do we write the last name, santiago enters 'eicaita@misena.edu.co' into were do we write the email, santiago enters 'asbdaadbb' into were do we write the phone, santiago clicks on were do we write the phone, santiago clicks on button to confirm login]], When she search for the job area registration
| strCourse |
| Magneto Jobs | [Santiago search [santiago clicks on clic for name the job area]]
[Test worker] WARN net.thucydides.core.steps.BaseStepListener - stepStarted: net.thucydides.core.steps.ExecutedStepDescription@706ebb93
[Test worker] WARN net.thucydides.core.steps.BaseStepListener - stepStarted: net.thucydides.core.steps.ExecutedStepDescription@48ad6d21
[Test worker] WARN net.thucydides.core.steps.BaseStepListener - stepFinished: current outcome:Register in the magneto job area, Check the behavior of the system when entering a number with alphabetic characters in the "Cellular" field Check the behavior of the system:Given than erika wants to verify the form of the work area in choucair
| strUser | strLastName | strEmail | strPhone |
| Erika | Caita | eicaita@misena.edu.co | asbdaadbb | [Santiago open up [santiago opens the Choucair academy page], Santiago register [santiago enters 'Erika' into were do we write the first name, santiago enters 'Caita' into were do we write the last name, santiago enters 'eicaita@misena.edu.co' into were do we write the email, santiago enters 'asbdaadbb' into were do we write the phone, santiago clicks on were do we write the phone, santiago clicks on button to confirm login]], When she search for the job area registration
| strCourse |
| Magneto Jobs | [Santiago search [santiago clicks on clic for name the job area]], Then she finds the area called
| strCourse |
| Magneto Jobs | [Then answer]
[Test worker] WARN net.thucydides.core.steps.BaseStepListener - stepFinished: current outcome:Register in the magneto job area, Check the behavior of the system when entering a number with alphabetic characters in the "Cellular" field Check the behavior of the system:Given than erika wants to verify the form of the work area in choucair
| strUser | strLastName | strEmail | strPhone |
| Erika | Caita | eicaita@misena.edu.co | asbdaadbb | [Santiago open up [santiago opens the Choucair academy page], Santiago register [santiago enters 'Erika' into were do we write the first name, santiago enters 'Caita' into were do we write the last name, santiago enters 'eicaita@misena.edu.co' into were do we write the email, santiago enters 'asbdaadbb' into were do we write the phone, santiago clicks on were do we write the phone, santiago clicks on button to confirm login]], When she search for the job area registration
| strCourse |
| Magneto Jobs | [Santiago search [santiago clicks on clic for name the job area]], Then she finds the area called
| strCourse |
| Magneto Jobs | [Then answer]
[Test worker] WARN net.thucydides.core.steps.BaseStepListener - testFinished: Register in the magneto job area, Check the behavior of the system when entering a number with alphabetic characters in the "Cellular" field Check the behavior of the system:Given than erika wants to verify the form of the work area in choucair
| strUser | strLastName | strEmail | strPhone |
| Erika | Caita | eicaita@misena.edu.co | asbdaadbb | [Santiago open up [santiago opens the Choucair academy page], Santiago register [santiago enters 'Erika' into were do we write the first name, santiago enters 'Caita' into were do we write the last name, santiago enters 'eicaita@misena.edu.co' into were do we write the email, santiago enters 'asbdaadbb' into were do we write the phone, santiago clicks on were do we write the phone, santiago clicks on button to confirm login]], When she search for the job area registration
| strCourse |
| Magneto Jobs | [Santiago search [santiago clicks on clic for name the job area]], Then she finds the area called
| strCourse |
| Magneto Jobs | [Then answer]
[Test worker] WARN net.thucydides.core.steps.BaseStepListener - TestOutcomes: [Register in the magneto job area, Checks the behavior of the system when entering numeric characters in the "Name" field.:Given than erika wants to verify the form of the work area in choucair
| strUser | strLastName | strEmail | strPhone |
| 2665515 | Caita | eicaita@misena.edu.co | 3175727990 | [Santiago open up [santiago opens the Choucair academy page], Santiago register [santiago enters '2665515' into were do we write the first name, santiago enters 'Caita' into were do we write the last name, santiago enters 'eicaita@misena.edu.co' into were do we write the email, santiago enters '3175727990' into were do we write the phone, santiago clicks on were do we write the phone, santiago clicks on button to confirm login]], When she search for the job area registration
| strCourse |
| Magneto Jobs | [Santiago search [santiago clicks on clic for name the job area]], Then she finds the area called
| strCourse |
| Magneto Jobs | [Then answer], Register in the magneto job area, Check the behavior of the system when an invalid email is entered in the "Email" field.:Given than erika wants to verify the form of the work area in choucair
| strUser | strLastName | strEmail | strPhone |
| Erika | Caita | eicaita@misena | 3175727990 | [Santiago open up [santiago opens the Choucair academy page], Santiago register [santiago enters 'Erika' into were do we write the first name, santiago enters 'Caita' into were do we write the last name, santiago enters 'eicaita@misena' into were do we write the email, santiago enters '3175727990' into were do we write the phone, santiago clicks on were do we write the phone, santiago clicks on button to confirm login]], When she search for the job area registration
| strCourse |
| Magneto Jobs | [Santiago search [santiago clicks on clic for name the job area]], Then she finds the area called
| strCourse |
| Magneto Jobs | [Then answer], Register in the magneto job area, Check the behavior of the system when entering a number with alphabetic characters in the "Cellular" field Check the behavior of the system:Given than erika wants to verify the form of the work area in choucair
| strUser | strLastName | strEmail | strPhone |
| Erika | Caita | eicaita@misena.edu.co | asbdaadbb | [Santiago open up [santiago opens the Choucair academy page], Santiago register [santiago enters 'Erika' into were do we write the first name, santiago enters 'Caita' into were do we write the last name, santiago enters 'eicaita@misena.edu.co' into were do we write the email, santiago enters 'asbdaadbb' into were do we write the phone, santiago clicks on were do we write the phone, santiago clicks on button to confirm login]], When she search for the job area registration
| strCourse |
| Magneto Jobs | [Santiago search [santiago clicks on clic for name the job area]], Then she finds the area called
| strCourse |
| Magneto Jobs | [Then answer]]
[Test worker] WARN net.thucydides.core.steps.BaseStepListener - Final testOutcomes: [Register in the magneto job area, Checks the behavior of the system when entering numeric characters in the "Name" field.:Given than erika wants to verify the form of the work area in choucair
| strUser | strLastName | strEmail | strPhone |
| 2665515 | Caita | eicaita@misena.edu.co | 3175727990 | [Santiago open up [santiago opens the Choucair academy page], Santiago register [santiago enters '2665515' into were do we write the first name, santiago enters 'Caita' into were do we write the last name, santiago enters 'eicaita@misena.edu.co' into were do we write the email, santiago enters '3175727990' into were do we write the phone, santiago clicks on were do we write the phone, santiago clicks on button to confirm login]], When she search for the job area registration
| strCourse |
| Magneto Jobs | [Santiago search [santiago clicks on clic for name the job area]], Then she finds the area called
| strCourse |
| Magneto Jobs | [Then answer], Register in the magneto job area, Check the behavior of the system when an invalid email is entered in the "Email" field.:Given than erika wants to verify the form of the work area in choucair
| strUser | strLastName | strEmail | strPhone |
| Erika | Caita | eicaita@misena | 3175727990 | [Santiago open up [santiago opens the Choucair academy page], Santiago register [santiago enters 'Erika' into were do we write the first name, santiago enters 'Caita' into were do we write the last name, santiago enters 'eicaita@misena' into were do we write the email, santiago enters '3175727990' into were do we write the phone, santiago clicks on were do we write the phone, santiago clicks on button to confirm login]], When she search for the job area registration
| strCourse |
| Magneto Jobs | [Santiago search [santiago clicks on clic for name the job area]], Then she finds the area called
| strCourse |
| Magneto Jobs | [Then answer], Register in the magneto job area, Check the behavior of the system when entering a number with alphabetic characters in the "Cellular" field Check the behavior of the system:Given than erika wants to verify the form of the work area in choucair
| strUser | strLastName | strEmail | strPhone |
| Erika | Caita | eicaita@misena.edu.co | asbdaadbb | [Santiago open up [santiago opens the Choucair academy page], Santiago register [santiago enters 'Erika' into were do we write the first name, santiago enters 'Caita' into were do we write the last name, santiago enters 'eicaita@misena.edu.co' into were do we write the email, santiago enters 'asbdaadbb' into were do we write the phone, santiago clicks on were do we write the phone, santiago clicks on button to confirm login]], When she search for the job area registration
| strCourse |
| Magneto Jobs | [Santiago search [santiago clicks on clic for name the job area]], Then she finds the area called
| strCourse |
| Magneto Jobs | [Then answer]]
[Test worker] INFO net.thucydides.core.steps.ConsoleLoggingListener - 
        __    _____ _____ ____ _____   ____   _    ____  ____  _____ ____  
  _     \ \  |_   _| ____/ ___|_   _| |  _ \ / \  / ___|/ ___|| ____|  _ \ 
 (_)_____| |   | | |  _| \___ \ | |   | |_) / _ \ \___ \\___ \|  _| | | | |
  _|_____| |   | | | |___ ___) || |   |  __/ ___ \ ___) |___) | |___| |_| |
 (_)     | |   |_| |_____|____/ |_|   |_| /_/   \_\____/|____/|_____|____/ 
        /_/                                                                

TEST PASSED: Register in the magneto job area, Check the behavior of the system when entering a number with alphabetic characters in the "Cellular" field Check the behavior of the system
----------------------------------------------------------------------------
[Test worker] WARN net.thucydides.core.steps.BaseStepListener - stepStarted: net.thucydides.core.steps.ExecutedStepDescription@238a49be
[Test worker] WARN net.thucydides.core.steps.BaseStepListener - stepStarted: net.thucydides.core.steps.ExecutedStepDescription@18a0c5c3
[Test worker] WARN net.thucydides.core.steps.BaseStepListener - stepStarted: net.thucydides.core.steps.ExecutedStepDescription@18d82acd
jul 12, 2021 4:02:18 AM org.openqa.selenium.remote.DesiredCapabilities chrome
INFORMACIÓN: Using `new ChromeOptions()` is preferred to `DesiredCapabilities.chrome()`
[Test worker] INFO net.serenitybdd.core.webdriver.driverproviders.ProvideNewDriver - Instantiating driver
[Test worker] INFO net.serenitybdd.core.webdriver.driverproviders.ProvideNewDriver - Driver capabilities: Capabilities {acceptInsecureCerts: false, browserName: chrome, chrome.switches: --start-maximized, goog:chromeOptions: {args: [--start-maximized], extensions: []}, loggingPrefs: org.openqa.selenium.logging..., platform: ANY, version: }
Starting ChromeDriver 91.0.4472.19 (1bf021f248676a0b2ab3ee0561d83a59e424c23e-refs/branch-heads/4472@{#288}) on port 27500
Only local connections are allowed.
Please see https://chromedriver.chromium.org/security-considerations for suggestions on keeping ChromeDriver safe.
ChromeDriver was started successfully.
jul 12, 2021 4:02:22 AM org.openqa.selenium.remote.ProtocolHandshake createSession
INFORMACIÓN: Detected dialect: W3C
[Test worker] WARN net.thucydides.core.steps.BaseStepListener - stepFinished: current outcome:Register in the magneto job area, Check the behavior of the system when the option "I accept the treatment, use and storage of my personal data" is checked, and the "Name" field is empty:Given than erika wants to verify the form of the work area in choucair
| strUser | strLastName | strEmail | strPhone |
| Erika | Caita | eicaita@misena.edu.co | 3175727990 | [Santiago open up [santiago opens the Choucair academy page]]
[Test worker] WARN net.thucydides.core.steps.BaseStepListener - stepFinished: current outcome:Register in the magneto job area, Check the behavior of the system when the option "I accept the treatment, use and storage of my personal data" is checked, and the "Name" field is empty:Given than erika wants to verify the form of the work area in choucair
| strUser | strLastName | strEmail | strPhone |
| Erika | Caita | eicaita@misena.edu.co | 3175727990 | [Santiago open up [santiago opens the Choucair academy page]]
[Test worker] WARN net.thucydides.core.steps.BaseStepListener - stepStarted: net.thucydides.core.steps.ExecutedStepDescription@3d52bf19
[Test worker] WARN net.thucydides.core.steps.BaseStepListener - stepStarted: net.thucydides.core.steps.ExecutedStepDescription@366f562
[Test worker] WARN net.thucydides.core.steps.BaseStepListener - stepFinished: current outcome:Register in the magneto job area, Check the behavior of the system when the option "I accept the treatment, use and storage of my personal data" is checked, and the "Name" field is empty:Given than erika wants to verify the form of the work area in choucair
| strUser | strLastName | strEmail | strPhone |
| Erika | Caita | eicaita@misena.edu.co | 3175727990 | [Santiago open up [santiago opens the Choucair academy page], Santiago register [santiago enters 'Erika' into were do we write the first name]]
[Test worker] WARN net.thucydides.core.steps.BaseStepListener - stepStarted: net.thucydides.core.steps.ExecutedStepDescription@68a9db95
[Test worker] WARN net.thucydides.core.steps.BaseStepListener - stepFinished: current outcome:Register in the magneto job area, Check the behavior of the system when the option "I accept the treatment, use and storage of my personal data" is checked, and the "Name" field is empty:Given than erika wants to verify the form of the work area in choucair
| strUser | strLastName | strEmail | strPhone |
| Erika | Caita | eicaita@misena.edu.co | 3175727990 | [Santiago open up [santiago opens the Choucair academy page], Santiago register [santiago enters 'Erika' into were do we write the first name, santiago enters 'Caita' into were do we write the last name]]
[Test worker] WARN net.thucydides.core.steps.BaseStepListener - stepStarted: net.thucydides.core.steps.ExecutedStepDescription@3488db4f
[Test worker] WARN net.thucydides.core.steps.BaseStepListener - stepFinished: current outcome:Register in the magneto job area, Check the behavior of the system when the option "I accept the treatment, use and storage of my personal data" is checked, and the "Name" field is empty:Given than erika wants to verify the form of the work area in choucair
| strUser | strLastName | strEmail | strPhone |
| Erika | Caita | eicaita@misena.edu.co | 3175727990 | [Santiago open up [santiago opens the Choucair academy page], Santiago register [santiago enters 'Erika' into were do we write the first name, santiago enters 'Caita' into were do we write the last name, santiago enters 'eicaita@misena.edu.co' into were do we write the email]]
[Test worker] WARN net.thucydides.core.steps.BaseStepListener - stepStarted: net.thucydides.core.steps.ExecutedStepDescription@6f2bb5ee
[Test worker] WARN net.thucydides.core.steps.BaseStepListener - stepFinished: current outcome:Register in the magneto job area, Check the behavior of the system when the option "I accept the treatment, use and storage of my personal data" is checked, and the "Name" field is empty:Given than erika wants to verify the form of the work area in choucair
| strUser | strLastName | strEmail | strPhone |
| Erika | Caita | eicaita@misena.edu.co | 3175727990 | [Santiago open up [santiago opens the Choucair academy page], Santiago register [santiago enters 'Erika' into were do we write the first name, santiago enters 'Caita' into were do we write the last name, santiago enters 'eicaita@misena.edu.co' into were do we write the email, santiago enters '3175727990' into were do we write the phone]]
[Test worker] WARN net.thucydides.core.steps.BaseStepListener - stepStarted: net.thucydides.core.steps.ExecutedStepDescription@5aeb3bb0
[Test worker] WARN net.thucydides.core.steps.BaseStepListener - stepFinished: current outcome:Register in the magneto job area, Check the behavior of the system when the option "I accept the treatment, use and storage of my personal data" is checked, and the "Name" field is empty:Given than erika wants to verify the form of the work area in choucair
| strUser | strLastName | strEmail | strPhone |
| Erika | Caita | eicaita@misena.edu.co | 3175727990 | [Santiago open up [santiago opens the Choucair academy page], Santiago register [santiago enters 'Erika' into were do we write the first name, santiago enters 'Caita' into were do we write the last name, santiago enters 'eicaita@misena.edu.co' into were do we write the email, santiago enters '3175727990' into were do we write the phone, santiago clicks on were do we write the phone]]
[Test worker] WARN net.thucydides.core.steps.BaseStepListener - stepStarted: net.thucydides.core.steps.ExecutedStepDescription@39e66696
[Test worker] WARN net.thucydides.core.steps.BaseStepListener - stepFinished: current outcome:Register in the magneto job area, Check the behavior of the system when the option "I accept the treatment, use and storage of my personal data" is checked, and the "Name" field is empty:Given than erika wants to verify the form of the work area in choucair
| strUser | strLastName | strEmail | strPhone |
| Erika | Caita | eicaita@misena.edu.co | 3175727990 | [Santiago open up [santiago opens the Choucair academy page], Santiago register [santiago enters 'Erika' into were do we write the first name, santiago enters 'Caita' into were do we write the last name, santiago enters 'eicaita@misena.edu.co' into were do we write the email, santiago enters '3175727990' into were do we write the phone, santiago clicks on were do we write the phone, santiago clicks on button to confirm login]]
[Test worker] WARN net.thucydides.core.steps.BaseStepListener - stepFinished: current outcome:Register in the magneto job area, Check the behavior of the system when the option "I accept the treatment, use and storage of my personal data" is checked, and the "Name" field is empty:Given than erika wants to verify the form of the work area in choucair
| strUser | strLastName | strEmail | strPhone |
| Erika | Caita | eicaita@misena.edu.co | 3175727990 | [Santiago open up [santiago opens the Choucair academy page], Santiago register [santiago enters 'Erika' into were do we write the first name, santiago enters 'Caita' into were do we write the last name, santiago enters 'eicaita@misena.edu.co' into were do we write the email, santiago enters '3175727990' into were do we write the phone, santiago clicks on were do we write the phone, santiago clicks on button to confirm login]]
[Test worker] WARN net.thucydides.core.steps.BaseStepListener - stepFinished: current outcome:Register in the magneto job area, Check the behavior of the system when the option "I accept the treatment, use and storage of my personal data" is checked, and the "Name" field is empty:Given than erika wants to verify the form of the work area in choucair
| strUser | strLastName | strEmail | strPhone |
| Erika | Caita | eicaita@misena.edu.co | 3175727990 | [Santiago open up [santiago opens the Choucair academy page], Santiago register [santiago enters 'Erika' into were do we write the first name, santiago enters 'Caita' into were do we write the last name, santiago enters 'eicaita@misena.edu.co' into were do we write the email, santiago enters '3175727990' into were do we write the phone, santiago clicks on were do we write the phone, santiago clicks on button to confirm login]]
[Test worker] WARN net.thucydides.core.steps.BaseStepListener - stepStarted: net.thucydides.core.steps.ExecutedStepDescription@2cafd506
[Test worker] WARN net.thucydides.core.steps.BaseStepListener - stepStarted: net.thucydides.core.steps.ExecutedStepDescription@1d34912d
[Test worker] WARN net.thucydides.core.steps.BaseStepListener - stepStarted: net.thucydides.core.steps.ExecutedStepDescription@74367f25
[Test worker] WARN net.thucydides.core.steps.BaseStepListener - stepFinished: current outcome:Register in the magneto job area, Check the behavior of the system when the option "I accept the treatment, use and storage of my personal data" is checked, and the "Name" field is empty:Given than erika wants to verify the form of the work area in choucair
| strUser | strLastName | strEmail | strPhone |
| Erika | Caita | eicaita@misena.edu.co | 3175727990 | [Santiago open up [santiago opens the Choucair academy page], Santiago register [santiago enters 'Erika' into were do we write the first name, santiago enters 'Caita' into were do we write the last name, santiago enters 'eicaita@misena.edu.co' into were do we write the email, santiago enters '3175727990' into were do we write the phone, santiago clicks on were do we write the phone, santiago clicks on button to confirm login]], When she search for the job area registration
| strCourse |
| Magneto Jobs | [Santiago search [santiago clicks on clic for name the job area]]
[Test worker] WARN net.thucydides.core.steps.BaseStepListener - stepFinished: current outcome:Register in the magneto job area, Check the behavior of the system when the option "I accept the treatment, use and storage of my personal data" is checked, and the "Name" field is empty:Given than erika wants to verify the form of the work area in choucair
| strUser | strLastName | strEmail | strPhone |
| Erika | Caita | eicaita@misena.edu.co | 3175727990 | [Santiago open up [santiago opens the Choucair academy page], Santiago register [santiago enters 'Erika' into were do we write the first name, santiago enters 'Caita' into were do we write the last name, santiago enters 'eicaita@misena.edu.co' into were do we write the email, santiago enters '3175727990' into were do we write the phone, santiago clicks on were do we write the phone, santiago clicks on button to confirm login]], When she search for the job area registration
| strCourse |
| Magneto Jobs | [Santiago search [santiago clicks on clic for name the job area]]
[Test worker] WARN net.thucydides.core.steps.BaseStepListener - stepFinished: current outcome:Register in the magneto job area, Check the behavior of the system when the option "I accept the treatment, use and storage of my personal data" is checked, and the "Name" field is empty:Given than erika wants to verify the form of the work area in choucair
| strUser | strLastName | strEmail | strPhone |
| Erika | Caita | eicaita@misena.edu.co | 3175727990 | [Santiago open up [santiago opens the Choucair academy page], Santiago register [santiago enters 'Erika' into were do we write the first name, santiago enters 'Caita' into were do we write the last name, santiago enters 'eicaita@misena.edu.co' into were do we write the email, santiago enters '3175727990' into were do we write the phone, santiago clicks on were do we write the phone, santiago clicks on button to confirm login]], When she search for the job area registration
| strCourse |
| Magneto Jobs | [Santiago search [santiago clicks on clic for name the job area]]
[Test worker] WARN net.thucydides.core.steps.BaseStepListener - stepStarted: net.thucydides.core.steps.ExecutedStepDescription@7b2783bf
[Test worker] WARN net.thucydides.core.steps.BaseStepListener - stepStarted: net.thucydides.core.steps.ExecutedStepDescription@23ff11ad
[Test worker] WARN net.thucydides.core.steps.BaseStepListener - stepFinished: current outcome:Register in the magneto job area, Check the behavior of the system when the option "I accept the treatment, use and storage of my personal data" is checked, and the "Name" field is empty:Given than erika wants to verify the form of the work area in choucair
| strUser | strLastName | strEmail | strPhone |
| Erika | Caita | eicaita@misena.edu.co | 3175727990 | [Santiago open up [santiago opens the Choucair academy page], Santiago register [santiago enters 'Erika' into were do we write the first name, santiago enters 'Caita' into were do we write the last name, santiago enters 'eicaita@misena.edu.co' into were do we write the email, santiago enters '3175727990' into were do we write the phone, santiago clicks on were do we write the phone, santiago clicks on button to confirm login]], When she search for the job area registration
| strCourse |
| Magneto Jobs | [Santiago search [santiago clicks on clic for name the job area]], Then she finds the area called
| strCourse |
| Magneto Jobs | [Then answer]
[Test worker] WARN net.thucydides.core.steps.BaseStepListener - stepFinished: current outcome:Register in the magneto job area, Check the behavior of the system when the option "I accept the treatment, use and storage of my personal data" is checked, and the "Name" field is empty:Given than erika wants to verify the form of the work area in choucair
| strUser | strLastName | strEmail | strPhone |
| Erika | Caita | eicaita@misena.edu.co | 3175727990 | [Santiago open up [santiago opens the Choucair academy page], Santiago register [santiago enters 'Erika' into were do we write the first name, santiago enters 'Caita' into were do we write the last name, santiago enters 'eicaita@misena.edu.co' into were do we write the email, santiago enters '3175727990' into were do we write the phone, santiago clicks on were do we write the phone, santiago clicks on button to confirm login]], When she search for the job area registration
| strCourse |
| Magneto Jobs | [Santiago search [santiago clicks on clic for name the job area]], Then she finds the area called
| strCourse |
| Magneto Jobs | [Then answer]
[Test worker] WARN net.thucydides.core.steps.BaseStepListener - testFinished: Register in the magneto job area, Check the behavior of the system when the option "I accept the treatment, use and storage of my personal data" is checked, and the "Name" field is empty:Given than erika wants to verify the form of the work area in choucair
| strUser | strLastName | strEmail | strPhone |
[...]
|  |  |  |  | [Santiago open up [santiago opens the Choucair academy page], Santiago register [santiago enters '' into were do we write the first name, santiago enters '' into were do we write the last name, santiago enters '' into were do we write the email, santiago enters '' into were do we write the phone]]
[Test worker] WARN net.thucydides.core.steps.BaseStepListener - stepStarted: net.thucydides.core.steps.ExecutedStepDescription@1db2fae8
[Test worker] WARN net.thucydides.core.steps.BaseStepListener - stepFinished: current outcome:Register in the magneto job area, Check the behavior of the system when all the fields of the form are empty:Given than erika wants to verify the form of the work area in choucair
| strUser | strLastName | strEmail | strPhone |
|  |  |  |  | [Santiago open up [santiago opens the Choucair academy page], Santiago register [santiago enters '' into were do we write the first name, santiago enters '' into were do we write the last name, santiago enters '' into were do we write the email, santiago enters '' into were do we write the phone, santiago clicks on were do we write the phone]]
[Test worker] WARN net.thucydides.core.steps.BaseStepListener - stepStarted: net.thucydides.core.steps.ExecutedStepDescription@71953497
[Test worker] WARN net.thucydides.core.steps.BaseStepListener - stepFinished: current outcome:Register in the magneto job area, Check the behavior of the system when all the fields of the form are empty:Given than erika wants to verify the form of the work area in choucair
| strUser | strLastName | strEmail | strPhone |
|  |  |  |  | [Santiago open up [santiago opens the Choucair academy page], Santiago register [santiago enters '' into were do we write the first name, santiago enters '' into were do we write the last name, santiago enters '' into were do we write the email, santiago enters '' into were do we write the phone, santiago clicks on were do we write the phone, santiago clicks on button to confirm login]]
[Test worker] WARN net.thucydides.core.steps.BaseStepListener - stepFinished: current outcome:Register in the magneto job area, Check the behavior of the system when all the fields of the form are empty:Given than erika wants to verify the form of the work area in choucair
| strUser | strLastName | strEmail | strPhone |
|  |  |  |  | [Santiago open up [santiago opens the Choucair academy page], Santiago register [santiago enters '' into were do we write the first name, santiago enters '' into were do we write the last name, santiago enters '' into were do we write the email, santiago enters '' into were do we write the phone, santiago clicks on were do we write the phone, santiago clicks on button to confirm login]]
[Test worker] WARN net.thucydides.core.steps.BaseStepListener - stepFinished: current outcome:Register in the magneto job area, Check the behavior of the system when all the fields of the form are empty:Given than erika wants to verify the form of the work area in choucair
| strUser | strLastName | strEmail | strPhone |
|  |  |  |  | [Santiago open up [santiago opens the Choucair academy page], Santiago register [santiago enters '' into were do we write the first name, santiago enters '' into were do we write the last name, santiago enters '' into were do we write the email, santiago enters '' into were do we write the phone, santiago clicks on were do we write the phone, santiago clicks on button to confirm login]]
[Test worker] WARN net.thucydides.core.steps.BaseStepListener - stepStarted: net.thucydides.core.steps.ExecutedStepDescription@2a6cf8d6
[Test worker] WARN net.thucydides.core.steps.BaseStepListener - stepStarted: net.thucydides.core.steps.ExecutedStepDescription@6deaccbc
[Test worker] WARN net.thucydides.core.steps.BaseStepListener - stepStarted: net.thucydides.core.steps.ExecutedStepDescription@2b18f3a2
[Test worker] WARN net.thucydides.core.steps.BaseStepListener - stepFinished: current outcome:Register in the magneto job area, Check the behavior of the system when all the fields of the form are empty:Given than erika wants to verify the form of the work area in choucair
| strUser | strLastName | strEmail | strPhone |
|  |  |  |  | [Santiago open up [santiago opens the Choucair academy page], Santiago register [santiago enters '' into were do we write the first name, santiago enters '' into were do we write the last name, santiago enters '' into were do we write the email, santiago enters '' into were do we write the phone, santiago clicks on were do we write the phone, santiago clicks on button to confirm login]], When she search for the job area registration
| strCourse |
| Magneto Jobs | [Santiago search [santiago clicks on clic for name the job area]]
[Test worker] WARN net.thucydides.core.steps.BaseStepListener - stepFinished: current outcome:Register in the magneto job area, Check the behavior of the system when all the fields of the form are empty:Given than erika wants to verify the form of the work area in choucair
| strUser | strLastName | strEmail | strPhone |
|  |  |  |  | [Santiago open up [santiago opens the Choucair academy page], Santiago register [santiago enters '' into were do we write the first name, santiago enters '' into were do we write the last name, santiago enters '' into were do we write the email, santiago enters '' into were do we write the phone, santiago clicks on were do we write the phone, santiago clicks on button to confirm login]], When she search for the job area registration
| strCourse |
| Magneto Jobs | [Santiago search [santiago clicks on clic for name the job area]]
[Test worker] WARN net.thucydides.core.steps.BaseStepListener - stepFinished: current outcome:Register in the magneto job area, Check the behavior of the system when all the fields of the form are empty:Given than erika wants to verify the form of the work area in choucair
| strUser | strLastName | strEmail | strPhone |
|  |  |  |  | [Santiago open up [santiago opens the Choucair academy page], Santiago register [santiago enters '' into were do we write the first name, santiago enters '' into were do we write the last name, santiago enters '' into were do we write the email, santiago enters '' into were do we write the phone, santiago clicks on were do we write the phone, santiago clicks on button to confirm login]], When she search for the job area registration
| strCourse |
| Magneto Jobs | [Santiago search [santiago clicks on clic for name the job area]]
[Test worker] WARN net.thucydides.core.steps.BaseStepListener - stepStarted: net.thucydides.core.steps.ExecutedStepDescription@6c1bb5b0
[Test worker] WARN net.thucydides.core.steps.BaseStepListener - stepStarted: net.thucydides.core.steps.ExecutedStepDescription@369ed9ca
[Test worker] WARN net.thucydides.core.steps.BaseStepListener - stepFinished: current outcome:Register in the magneto job area, Check the behavior of the system when all the fields of the form are empty:Given than erika wants to verify the form of the work area in choucair
| strUser | strLastName | strEmail | strPhone |
|  |  |  |  | [Santiago open up [santiago opens the Choucair academy page], Santiago register [santiago enters '' into were do we write the first name, santiago enters '' into were do we write the last name, santiago enters '' into were do we write the email, santiago enters '' into were do we write the phone, santiago clicks on were do we write the phone, santiago clicks on button to confirm login]], When she search for the job area registration
| strCourse |
| Magneto Jobs | [Santiago search [santiago clicks on clic for name the job area]], Then she finds the area called
| strCourse |
| Magneto Jobs | [Then answer]
[Test worker] WARN net.thucydides.core.steps.BaseStepListener - stepFinished: current outcome:Register in the magneto job area, Check the behavior of the system when all the fields of the form are empty:Given than erika wants to verify the form of the work area in choucair
| strUser | strLastName | strEmail | strPhone |
|  |  |  |  | [Santiago open up [santiago opens the Choucair academy page], Santiago register [santiago enters '' into were do we write the first name, santiago enters '' into were do we write the last name, santiago enters '' into were do we write the email, santiago enters '' into were do we write the phone, santiago clicks on were do we write the phone, santiago clicks on button to confirm login]], When she search for the job area registration
| strCourse |
| Magneto Jobs | [Santiago search [santiago clicks on clic for name the job area]], Then she finds the area called
| strCourse |
| Magneto Jobs | [Then answer]
[Test worker] WARN net.thucydides.core.steps.BaseStepListener - testFinished: Register in the magneto job area, Check the behavior of the system when all the fields of the form are empty:Given than erika wants to verify the form of the work area in choucair
| strUser | strLastName | strEmail | strPhone |
|  |  |  |  | [Santiago open up [santiago opens the Choucair academy page], Santiago register [santiago enters '' into were do we write the first name, santiago enters '' into were do we write the last name, santiago enters '' into were do we write the email, santiago enters '' into were do we write the phone, santiago clicks on were do we write the phone, santiago clicks on button to confirm login]], When she search for the job area registration
| strCourse |
| Magneto Jobs | [Santiago search [santiago clicks on clic for name the job area]], Then she finds the area called
| strCourse |
| Magneto Jobs | [Then answer]
[Test worker] WARN net.thucydides.core.steps.BaseStepListener - TestOutcomes: [Register in the magneto job area, Checks the behavior of the system when entering numeric characters in the "Name" field.:Given than erika wants to verify the form of the work area in choucair
| strUser | strLastName | strEmail | strPhone |
| 2665515 | Caita | eicaita@misena.edu.co | 3175727990 | [Santiago open up [santiago opens the Choucair academy page], Santiago register [santiago enters '2665515' into were do we write the first name, santiago enters 'Caita' into were do we write the last name, santiago enters 'eicaita@misena.edu.co' into were do we write the email, santiago enters '3175727990' into were do we write the phone, santiago clicks on were do we write the phone, santiago clicks on button to confirm login]], When she search for the job area registration
| strCourse |
| Magneto Jobs | [Santiago search [santiago clicks on clic for name the job area]], Then she finds the area called
| strCourse |
| Magneto Jobs | [Then answer], Register in the magneto job area, Check the behavior of the system when an invalid email is entered in the "Email" field.:Given than erika wants to verify the form of the work area in choucair
| strUser | strLastName | strEmail | strPhone |
| Erika | Caita | eicaita@misena | 3175727990 | [Santiago open up [santiago opens the Choucair academy page], Santiago register [santiago enters 'Erika' into were do we write the first name, santiago enters 'Caita' into were do we write the last name, santiago enters 'eicaita@misena' into were do we write the email, santiago enters '3175727990' into were do we write the phone, santiago clicks on were do we write the phone, santiago clicks on button to confirm login]], When she search for the job area registration
| strCourse |
| Magneto Jobs | [Santiago search [santiago clicks on clic for name the job area]], Then she finds the area called
| strCourse |
| Magneto Jobs | [Then answer], Register in the magneto job area, Check the behavior of the system when entering a number with alphabetic characters in the "Cellular" field Check the behavior of the system:Given than erika wants to verify the form of the work area in choucair
| strUser | strLastName | strEmail | strPhone |
| Erika | Caita | eicaita@misena.edu.co | asbdaadbb | [Santiago open up [santiago opens the Choucair academy page], Santiago register [santiago enters 'Erika' into were do we write the first name, santiago enters 'Caita' into were do we write the last name, santiago enters 'eicaita@misena.edu.co' into were do we write the email, santiago enters 'asbdaadbb' into were do we write the phone, santiago clicks on were do we write the phone, santiago clicks on button to confirm login]], When she search for the job area registration
| strCourse |
| Magneto Jobs | [Santiago search [santiago clicks on clic for name the job area]], Then she finds the area called
| strCourse |
| Magneto Jobs | [Then answer], Register in the magneto job area, Check the behavior of the system when the option "I accept the treatment, use and storage of my personal data" is checked, and the "Name" field is empty:Given than erika wants to verify the form of the work area in choucair
| strUser | strLastName | strEmail | strPhone |
| Erika | Caita | eicaita@misena.edu.co | 3175727990 | [Santiago open up [santiago opens the Choucair academy page], Santiago register [santiago enters 'Erika' into were do we write the first name, santiago enters 'Caita' into were do we write the last name, santiago enters 'eicaita@misena.edu.co' into were do we write the email, santiago enters '3175727990' into were do we write the phone, santiago clicks on were do we write the phone, santiago clicks on button to confirm login]], When she search for the job area registration
| strCourse |
| Magneto Jobs | [Santiago search [santiago clicks on clic for name the job area]], Then she finds the area called
| strCourse |
| Magneto Jobs | [Then answer], Register in the magneto job area, Check the behavior of the system when all the fields of the form are empty:Given than erika wants to verify the form of the work area in choucair
| strUser | strLastName | strEmail | strPhone |
|  |  |  |  | [Santiago open up [santiago opens the Choucair academy page], Santiago register [santiago enters '' into were do we write the first name, santiago enters '' into were do we write the last name, santiago enters '' into were do we write the email, santiago enters '' into were do we write the phone, santiago clicks on were do we write the phone, santiago clicks on button to confirm login]], When she search for the job area registration
| strCourse |
| Magneto Jobs | [Santiago search [santiago clicks on clic for name the job area]], Then she finds the area called
| strCourse |
| Magneto Jobs | [Then answer]]
[Test worker] WARN net.thucydides.core.steps.BaseStepListener - Final testOutcomes: [Register in the magneto job area, Checks the behavior of the system when entering numeric characters in the "Name" field.:Given than erika wants to verify the form of the work area in choucair
| strUser | strLastName | strEmail | strPhone |
| 2665515 | Caita | eicaita@misena.edu.co | 3175727990 | [Santiago open up [santiago opens the Choucair academy page], Santiago register [santiago enters '2665515' into were do we write the first name, santiago enters 'Caita' into were do we write the last name, santiago enters 'eicaita@misena.edu.co' into were do we write the email, santiago enters '3175727990' into were do we write the phone, santiago clicks on were do we write the phone, santiago clicks on button to confirm login]], When she search for the job area registration
| strCourse |
| Magneto Jobs | [Santiago search [santiago clicks on clic for name the job area]], Then she finds the area called
| strCourse |
| Magneto Jobs | [Then answer], Register in the magneto job area, Check the behavior of the system when an invalid email is entered in the "Email" field.:Given than erika wants to verify the form of the work area in choucair
| strUser | strLastName | strEmail | strPhone |
| Erika | Caita | eicaita@misena | 3175727990 | [Santiago open up [santiago opens the Choucair academy page], Santiago register [santiago enters 'Erika' into were do we write the first name, santiago enters 'Caita' into were do we write the last name, santiago enters 'eicaita@misena' into were do we write the email, santiago enters '3175727990' into were do we write the phone, santiago clicks on were do we write the phone, santiago clicks on button to confirm login]], When she search for the job area registration
| strCourse |
| Magneto Jobs | [Santiago search [santiago clicks on clic for name the job area]], Then she finds the area called
| strCourse |
| Magneto Jobs | [Then answer], Register in the magneto job area, Check the behavior of the system when entering a number with alphabetic characters in the "Cellular" field Check the behavior of the system:Given than erika wants to verify the form of the work area in choucair
| strUser | strLastName | strEmail | strPhone |
| Erika | Caita | eicaita@misena.edu.co | asbdaadbb | [Santiago open up [santiago opens the Choucair academy page], Santiago register [santiago enters 'Erika' into were do we write the first name, santiago enters 'Caita' into were do we write the last name, santiago enters 'eicaita@misena.edu.co' into were do we write the email, santiago enters 'asbdaadbb' into were do we write the phone, santiago clicks on were do we write the phone, santiago clicks on button to confirm login]], When she search for the job area registration
| strCourse |
| Magneto Jobs | [Santiago search [santiago clicks on clic for name the job area]], Then she finds the area called
| strCourse |
| Magneto Jobs | [Then answer], Register in the magneto job area, Check the behavior of the system when the option "I accept the treatment, use and storage of my personal data" is checked, and the "Name" field is empty:Given than erika wants to verify the form of the work area in choucair
| strUser | strLastName | strEmail | strPhone |
| Erika | Caita | eicaita@misena.edu.co | 3175727990 | [Santiago open up [santiago opens the Choucair academy page], Santiago register [santiago enters 'Erika' into were do we write the first name, santiago enters 'Caita' into were do we write the last name, santiago enters 'eicaita@misena.edu.co' into were do we write the email, santiago enters '3175727990' into were do we write the phone, santiago clicks on were do we write the phone, santiago clicks on button to confirm login]], When she search for the job area registration
| strCourse |
| Magneto Jobs | [Santiago search [santiago clicks on clic for name the job area]], Then she finds the area called
| strCourse |
| Magneto Jobs | [Then answer], Register in the magneto job area, Check the behavior of the system when all the fields of the form are empty:Given than erika wants to verify the form of the work area in choucair
| strUser | strLastName | strEmail | strPhone |
|  |  |  |  | [Santiago open up [santiago opens the Choucair academy page], Santiago register [santiago enters '' into were do we write the first name, santiago enters '' into were do we write the last name, santiago enters '' into were do we write the email, santiago enters '' into were do we write the phone, santiago clicks on were do we write the phone, santiago clicks on button to confirm login]], When she search for the job area registration
| strCourse |
| Magneto Jobs | [Santiago search [santiago clicks on clic for name the job area]], Then she finds the area called
| strCourse |
| Magneto Jobs | [Then answer]]
[Test worker] INFO net.thucydides.core.steps.ConsoleLoggingListener - 
        __    _____ _____ ____ _____   ____   _    ____  ____  _____ ____  
  _     \ \  |_   _| ____/ ___|_   _| |  _ \ / \  / ___|/ ___|| ____|  _ \ 
 (_)_____| |   | | |  _| \___ \ | |   | |_) / _ \ \___ \\___ \|  _| | | | |
  _|_____| |   | | | |___ ___) || |   |  __/ ___ \ ___) |___) | |___| |_| |
 (_)     | |   |_| |_____|____/ |_|   |_| /_/   \_\____/|____/|_____|____/ 
        /_/                                                                

TEST PASSED: Register in the magneto job area, Check the behavior of the system when all the fields of the form are empty
----------------------------------------------------------------------------
]]></system-err>
</testsuite>
