<?xml version="1.0" encoding="UTF-8"?><testsuite errors="0" failures="0" name="Choucair Job Area" skipped="0" tests="5" time="105.73" timestamp="2021-07-12 04:01:02"><testcase name="Register in the magneto job area, Checks the behavior of the system when entering numeric characters in the &quot;Name&quot; field."/><testcase name="Register in the magneto job area, Check the behavior of the system when an invalid email is entered in the &quot;Email&quot; field."/><testcase name="Register in the magneto job area, Check the behavior of the system when entering a number with alphabetic characters in the &quot;Cellular&quot; field Check the behavior of the system"/><testcase name="Register in the magneto job area, Check the behavior of the system when the option &quot;I accept the treatment, use and storage of my personal data&quot; is checked, and the &quot;Name&quot; field is empty"/><testcase name="Register in the magneto job area, Check the behavior of the system when all the fields of the form are empty"/></testsuite>